<?xml version="1.0" encoding="UTF-8"?>
<testsuite name="com.micklab.voicelistener.RecognitionTraceContextTest" tests="3" skipped="0" failures="0" errors="0" timestamp="2026-03-26T18:40:43" hostname="localhost" time="0.004">
  <properties/>
  <testcase name="set_and_clear_updatesCurrentTraceId" classname="com.micklab.voicelistener.RecognitionTraceContextTest" time="0.002"/>
  <testcase name="currentId_defaultsToNoTrace" classname="com.micklab.voicelistener.RecognitionTraceContextTest" time="0.0"/>
  <testcase name="currentId_isThreadLocal" classname="com.micklab.voicelistener.RecognitionTraceContextTest" time="0.001"/>
  <system-out><![CDATA[]]></system-out>
  <system-err><![CDATA[]]></system-err>
</testsuite>
