<?xml version="1.0" encoding="UTF-8"?>
<testsuite name="com.micklab.voicelistener.LiveSummaryStateTest" tests="2" skipped="0" failures="0" errors="0" timestamp="2026-04-08T23:31:01" hostname="localhost" time="0.007">
  <properties/>
  <testcase name="toJsonAndBack_preservesNormalizedContent" classname="com.micklab.voicelistener.LiveSummaryStateTest" time="0.007"/>
  <testcase name="fromInvalidJson_returnsEmptyState" classname="com.micklab.voicelistener.LiveSummaryStateTest" time="0.0"/>
  <system-out><![CDATA[]]></system-out>
  <system-err><![CDATA[]]></system-err>
</testsuite>
