<?xml version="1.0" encoding="UTF-8"?>
<testsuite name="com.micklab.voicelistener.WhisperRecognitionBufferTest" tests="5" skipped="0" failures="0" errors="0" timestamp="2026-03-27T00:32:05" hostname="localhost" time="0.003">
  <properties/>
  <testcase name="retainForRetry_prependsPendingAudioToNextSegment" classname="com.micklab.voicelistener.WhisperRecognitionBufferTest" time="0.002"/>
  <testcase name="reset_clearsPendingAudio" classname="com.micklab.voicelistener.WhisperRecognitionBufferTest" time="0.0"/>
  <testcase name="prepare_returnsCurrentSegmentWhenRetryBufferIsEmpty" classname="com.micklab.voicelistener.WhisperRecognitionBufferTest" time="0.001"/>
  <testcase name="pendingSampleCount_tracksRetainedAudioLength" classname="com.micklab.voicelistener.WhisperRecognitionBufferTest" time="0.0"/>
  <testcase name="retainForRetry_trimsOldAudioToConfiguredMaximum" classname="com.micklab.voicelistener.WhisperRecognitionBufferTest" time="0.0"/>
  <system-out><![CDATA[]]></system-out>
  <system-err><![CDATA[]]></system-err>
</testsuite>
