<?xml version="1.0" encoding="UTF-8"?>
<testsuite name="com.micklab.voicelistener.VoiceActivityDetectorTest" tests="4" skipped="0" failures="0" errors="0" timestamp="2026-04-11T13:22:31" hostname="localhost" time="0.003">
  <properties/>
  <testcase name="processFrame_discardsTooShortSpeech" classname="com.micklab.voicelistener.VoiceActivityDetectorTest" time="0.001"/>
  <testcase name="processFrame_ignoresSingleFrameNoiseBurst" classname="com.micklab.voicelistener.VoiceActivityDetectorTest" time="0.001"/>
  <testcase name="processFrame_keepsPreSpeechFramesInReturnedSegment" classname="com.micklab.voicelistener.VoiceActivityDetectorTest" time="0.0"/>
  <testcase name="processFrame_splitsLongContinuousSpeechIntoChunks" classname="com.micklab.voicelistener.VoiceActivityDetectorTest" time="0.001"/>
  <system-out><![CDATA[]]></system-out>
  <system-err><![CDATA[]]></system-err>
</testsuite>
