<?xml version="1.0" encoding="UTF-8"?>
<testsuite name="com.micklab.voicelistener.OllamaDebugStateTest" tests="3" skipped="0" failures="0" errors="0" timestamp="2026-04-08T23:31:01" hostname="localhost" time="0.01">
  <properties/>
  <testcase name="fromLegacyJson_migratesPromptAndResponseIntoHistory" classname="com.micklab.voicelistener.OllamaDebugStateTest" time="0.009"/>
  <testcase name="toJsonAndBack_preservesNormalizedContent" classname="com.micklab.voicelistener.OllamaDebugStateTest" time="0.0"/>
  <testcase name="fromInvalidJson_returnsEmptyState" classname="com.micklab.voicelistener.OllamaDebugStateTest" time="0.0"/>
  <system-out><![CDATA[]]></system-out>
  <system-err><![CDATA[]]></system-err>
</testsuite>
