<?xml version="1.0" encoding="UTF-8"?>
<testsuite name="com.micklab.voicelistener.OllamaClientTest" tests="2" skipped="0" failures="0" errors="0" timestamp="2026-04-12T20:38:57" hostname="localhost" time="0.002">
  <properties/>
  <testcase name="buildSummaryPrompt_updatesSummaryFromPreviousSummaryAndDiffLogs" classname="com.micklab.voicelistener.OllamaClientTest" time="0.002"/>
  <testcase name="buildSummaryPrompt_replacesEditableTemplatePlaceholders" classname="com.micklab.voicelistener.OllamaClientTest" time="0.0"/>
  <system-out><![CDATA[]]></system-out>
  <system-err><![CDATA[]]></system-err>
</testsuite>
