<?xml version="1.0" encoding="UTF-8"?>
<testsuite name="com.micklab.voicelistener.LiveSummaryStateTest" tests="2" skipped="0" failures="0" errors="0" timestamp="2026-03-25T09:42:01" hostname="localhost" time="0.013">
  <properties/>
  <testcase name="toJsonAndBack_preservesNormalizedContent" classname="com.micklab.voicelistener.LiveSummaryStateTest" time="0.011"/>
  <testcase name="fromInvalidJson_returnsEmptyState" classname="com.micklab.voicelistener.LiveSummaryStateTest" time="0.0"/>
  <system-out><![CDATA[]]></system-out>
  <system-err><![CDATA[]]></system-err>
</testsuite>
